#
# There is insufficient memory for the Java Runtime Environment to continue.
# Native memory allocation (mmap) failed to map 275775488 bytes for Failed to commit area from 0x00000000af000000 to 0x00000000bf700000 of length 275775488.
# Possible reasons:
#   The system is out of physical RAM or swap space
#   The process is running with CompressedOops enabled, and the Java Heap may be blocking the growth of the native heap
# Possible solutions:
#   Reduce memory load on the system
#   Increase physical memory or swap space
#   Check if swap backing store is full
#   Decrease Java heap size (-Xmx/-Xms)
#   Decrease number of Java threads
#   Decrease Java thread stack sizes (-Xss)
#   Set larger code cache with -XX:ReservedCodeCacheSize=
#   JVM is running with Unscaled Compressed Oops mode in which the Java heap is
#     placed in the first 4GB address space. The Java Heap base address is the
#     maximum limit for the native heap growth. Please use -XX:HeapBaseMinAddress
#     to set the Java Heap base and to place the Java Heap above 4GB virtual address.
# This output file may be truncated or incomplete.
#
#  Out of Memory Error (./src/hotspot/os/windows/os_windows.cpp:3386), pid=39548, tid=19352
#
# JRE version: OpenJDK Runtime Environment Microsoft-7208460 (11.0.18+10) (build 11.0.18+10-LTS)
# Java VM: OpenJDK 64-Bit Server VM Microsoft-7208460 (11.0.18+10-LTS, mixed mode, tiered, compressed oops, g1 gc, windows-amd64)
# No core dump will be written. Minidumps are not enabled by default on client versions of Windows
#

---------------  S U M M A R Y ------------

Command Line: org.jetbrains.kotlin.cli.jvm.K2JVMCompiler @C:\Users\calde\OneDrive\Escritorio\Proyecto BD\BDReact\node_modules\react-native-screens\android\build\20230522_9515793152660864750.compiler.options

Host: AMD Ryzen 5 5500U with Radeon Graphics         , 12 cores, 5G,  Windows 11 , 64 bit Build 22621 (10.0.22621.1635)
Time: Mon May 22 11:56:43 2023 Hora estándar, América Central elapsed time: 29.352917 seconds (0d 0h 0m 29s)

---------------  T H R E A D  ---------------

Current thread (0x0000024ef8a3e000):  VMThread "VM Thread" [stack: 0x0000009958800000,0x0000009958900000] [id=19352]

Stack: [0x0000009958800000,0x0000009958900000]
[error occurred during error reporting (printing stack bounds), id 0xc0000005, EXCEPTION_ACCESS_VIOLATION (0xc0000005) at pc=0x0000024ee306112d]

Native frames: (J=compiled Java code, j=interpreted, Vv=VM code, C=native code)
V  [jvm.dll+0x62bf8a]
V  [jvm.dll+0x7b8fb9]
V  [jvm.dll+0x7ba6a8]
V  [jvm.dll+0x7bace5]
V  [jvm.dll+0x7bac9b]
V  [jvm.dll+0x62b317]
V  [jvm.dll+0x62ba28]
C  [ntdll.dll+0xa3cff]
C  [ntdll.dll+0x1e456]
C  [ntdll.dll+0xa2cee]
C  0x0000024ee306112d

VM_Operation (0x00000099582fd220): G1CollectForAllocation, mode: safepoint, requested by thread 0x0000024eda914000


---------------  P R O C E S S  ---------------

Threads class SMR info:
_java_thread_list=0x0000024ef9463c90, length=10, elements={
0x0000024eda914000, 0x0000024ef9270800, 0x0000024ef9279000, 0x0000024ef8a4c000,
0x0000024ef8a4d000, 0x0000024ef8a4e000, 0x0000024ef9282800, 0x0000024ef9283800,
0x0000024ef928d800, 0x0000024ef947c800
}

Java Threads: ( => current thread )
  0x0000024eda914000 JavaThread "main" [_thread_blocked, id=39800, stack(0x0000009958200000,0x0000009958300000)]
  0x0000024ef9270800 JavaThread "Reference Handler" daemon [_thread_blocked, id=36744, stack(0x0000009958900000,0x0000009958a00000)]
  0x0000024ef9279000 JavaThread "Finalizer" daemon [_thread_blocked, id=22472, stack(0x0000009958a00000,0x0000009958b00000)]
  0x0000024ef8a4c000 JavaThread "Signal Dispatcher" daemon [_thread_blocked, id=41480, stack(0x0000009958b00000,0x0000009958c00000)]
  0x0000024ef8a4d000 JavaThread "Attach Listener" daemon [_thread_blocked, id=36680, stack(0x0000009958c00000,0x0000009958d00000)]
  0x0000024ef8a4e000 JavaThread "Service Thread" daemon [_thread_blocked, id=33824, stack(0x0000009958d00000,0x0000009958e00000)]
  0x0000024ef9282800 JavaThread "C2 CompilerThread0" daemon [_thread_blocked, id=35296, stack(0x0000009958e00000,0x0000009958f00000)]
  0x0000024ef9283800 JavaThread "C1 CompilerThread0" daemon [_thread_blocked, id=37856, stack(0x0000009958f00000,0x0000009959000000)]
  0x0000024ef928d800 JavaThread "Sweeper thread" daemon [_thread_blocked, id=32264, stack(0x0000009959000000,0x0000009959100000)]
  0x0000024ef947c800 JavaThread "Common-Cleaner" daemon [_thread_blocked, id=35852, stack(0x0000009959200000,0x0000009959300000)]

Other Threads:
=>0x0000024ef8a3e000 VMThread "VM Thread" [stack: 0x0000009958800000,0x0000009958900000] [id=19352]
  0x0000024ef9473800 WatcherThread [stack: 0x0000009959100000,0x0000009959200000] [id=41940]
  0x0000024eda92e800 GCTaskThread "GC Thread#0" [stack: 0x0000009958300000,0x0000009958400000] [id=34544]
  0x0000024ef9a8b800 GCTaskThread "GC Thread#1" [stack: 0x0000009959300000,0x0000009959400000] [id=33956]
  0x0000024efb605800 GCTaskThread "GC Thread#2" [stack: 0x0000009959600000,0x0000009959700000] [id=14024]
  0x0000024ef9578000 GCTaskThread "GC Thread#3" [stack: 0x0000009959700000,0x0000009959800000] [id=42012]
  0x0000024eda955800 ConcurrentGCThread "G1 Main Marker" [stack: 0x0000009958400000,0x0000009958500000] [id=21700]
  0x0000024eda957800 ConcurrentGCThread "G1 Conc#0" [stack: 0x0000009958500000,0x0000009958600000] [id=38000]
  0x0000024efaa39800 ConcurrentGCThread "G1 Conc#1" [stack: 0x0000009959400000,0x0000009959500000] [id=33628]
  0x0000024ef9f53800 ConcurrentGCThread "G1 Conc#2" [stack: 0x0000009959500000,0x0000009959600000] [id=22900]
  0x0000024ef88a2800 ConcurrentGCThread "G1 Refine#0" [stack: 0x0000009958600000,0x0000009958700000] [id=32684]
  0x0000024efe2ee800 ConcurrentGCThread "G1 Refine#1" [stack: 0x0000009959800000,0x0000009959900000] [id=35568]
  0x0000024ef88a5800 ConcurrentGCThread "G1 Young RemSet Sampling" [stack: 0x0000009958700000,0x0000009958800000] [id=11124]

Threads with active compile tasks:
C2 CompilerThread0    29417 13645       4       org.jetbrains.kotlin.com.intellij.openapi.vfs.local.CoreLocalVirtualFile::isDirectory (14 bytes)

VM state:at safepoint (normal execution)

VM Mutex/Monitor currently owned by a thread:  ([mutex/lock_event])
[0x0000024eda90faa0] Threads_lock - owner thread: 0x0000024ef8a3e000
[0x0000024eda910310] Heap_lock - owner thread: 0x0000024eda914000

Heap address: 0x00000000a2200000, size: 1502 MB, Compressed Oops mode: 32-bit
Narrow klass base: 0x0000000000000000, Narrow klass shift: 3
Compressed class space size: 1073741824 Address: 0x0000000100000000

Heap:
 garbage-first heap   total 480256K, used 87878K [0x00000000a2200000, 0x0000000100000000)
  region size 1024K, 3 young (3072K), 3 survivors (3072K)
 Metaspace       used 70378K, capacity 71268K, committed 71504K, reserved 1112064K
  class space    used 7627K, capacity 7987K, committed 8020K, reserved 1048576K
Heap Regions: E=young(eden), S=young(survivor), O=old, HS=humongous(starts), HC=humongous(continues), CS=collection set, F=free, A=archive, TAMS=top-at-mark-start (previous, next)
|   0|0x00000000a2200000, 0x00000000a2300000, 0x00000000a2300000|100%|HS|  |TAMS 0x00000000a2300000, 0x00000000a2200000| Complete 
|   1|0x00000000a2300000, 0x00000000a2400000, 0x00000000a2400000|100%|HC|  |TAMS 0x00000000a2400000, 0x00000000a2300000| Complete 
|   2|0x00000000a2400000, 0x00000000a2500000, 0x00000000a2500000|100%|HC|  |TAMS 0x00000000a2500000, 0x00000000a2400000| Complete 
|   3|0x00000000a2500000, 0x00000000a2600000, 0x00000000a2600000|100%|HS|  |TAMS 0x00000000a2600000, 0x00000000a2500000| Complete 
|   4|0x00000000a2600000, 0x00000000a2700000, 0x00000000a2700000|100%|HC|  |TAMS 0x00000000a2700000, 0x00000000a2600000| Complete 
|   5|0x00000000a2700000, 0x00000000a2800000, 0x00000000a2800000|100%|HC|  |TAMS 0x00000000a2800000, 0x00000000a2700000| Complete 
|   6|0x00000000a2800000, 0x00000000a2900000, 0x00000000a2900000|100%|HS|  |TAMS 0x00000000a2900000, 0x00000000a2800000| Complete 
|   7|0x00000000a2900000, 0x00000000a2a00000, 0x00000000a2a00000|100%|HC|  |TAMS 0x00000000a2a00000, 0x00000000a2900000| Complete 
|   8|0x00000000a2a00000, 0x00000000a2b00000, 0x00000000a2b00000|100%| O|  |TAMS 0x00000000a2b00000, 0x00000000a2a00000| Untracked 
|   9|0x00000000a2b00000, 0x00000000a2c00000, 0x00000000a2c00000|100%| O|  |TAMS 0x00000000a2c00000, 0x00000000a2b00000| Untracked 
|  10|0x00000000a2c00000, 0x00000000a2d00000, 0x00000000a2d00000|100%| O|  |TAMS 0x00000000a2d00000, 0x00000000a2c00000| Untracked 
|  11|0x00000000a2d00000, 0x00000000a2e00000, 0x00000000a2e00000|100%| O|  |TAMS 0x00000000a2e00000, 0x00000000a2d00000| Untracked 
|  12|0x00000000a2e00000, 0x00000000a2f00000, 0x00000000a2f00000|100%| O|  |TAMS 0x00000000a2f00000, 0x00000000a2e00000| Untracked 
|  13|0x00000000a2f00000, 0x00000000a3000000, 0x00000000a3000000|100%| O|  |TAMS 0x00000000a3000000, 0x00000000a2f00000| Untracked 
|  14|0x00000000a3000000, 0x00000000a3100000, 0x00000000a3100000|100%| O|  |TAMS 0x00000000a3100000, 0x00000000a3000000| Untracked 
|  15|0x00000000a3100000, 0x00000000a3200000, 0x00000000a3200000|100%| O|  |TAMS 0x00000000a3200000, 0x00000000a3100000| Untracked 
|  16|0x00000000a3200000, 0x00000000a3300000, 0x00000000a3300000|100%| O|  |TAMS 0x00000000a3300000, 0x00000000a3200000| Untracked 
|  17|0x00000000a3300000, 0x00000000a3400000, 0x00000000a3400000|100%| O|  |TAMS 0x00000000a3400000, 0x00000000a3300000| Untracked 
|  18|0x00000000a3400000, 0x00000000a3500000, 0x00000000a3500000|100%| O|  |TAMS 0x00000000a3500000, 0x00000000a3400000| Untracked 
|  19|0x00000000a3500000, 0x00000000a3600000, 0x00000000a3600000|100%| O|  |TAMS 0x00000000a3600000, 0x00000000a3500000| Untracked 
|  20|0x00000000a3600000, 0x00000000a3700000, 0x00000000a3700000|100%| O|  |TAMS 0x00000000a3700000, 0x00000000a3600000| Untracked 
|  21|0x00000000a3700000, 0x00000000a3800000, 0x00000000a3800000|100%| O|  |TAMS 0x00000000a3800000, 0x00000000a3700000| Untracked 
|  22|0x00000000a3800000, 0x00000000a3900000, 0x00000000a3900000|100%| O|  |TAMS 0x00000000a3900000, 0x00000000a3800000| Untracked 
|  23|0x00000000a3900000, 0x00000000a3a00000, 0x00000000a3a00000|100%| O|  |TAMS 0x00000000a3a00000, 0x00000000a3900000| Untracked 
|  24|0x00000000a3a00000, 0x00000000a3b00000, 0x00000000a3b00000|100%| O|  |TAMS 0x00000000a3b00000, 0x00000000a3a00000| Untracked 
|  25|0x00000000a3b00000, 0x00000000a3c00000, 0x00000000a3c00000|100%| O|  |TAMS 0x00000000a3c00000, 0x00000000a3b00000| Untracked 
|  26|0x00000000a3c00000, 0x00000000a3d00000, 0x00000000a3d00000|100%| O|  |TAMS 0x00000000a3d00000, 0x00000000a3c00000| Untracked 
|  27|0x00000000a3d00000, 0x00000000a3e00000, 0x00000000a3e00000|100%| O|  |TAMS 0x00000000a3e00000, 0x00000000a3d00000| Untracked 
|  28|0x00000000a3e00000, 0x00000000a3f00000, 0x00000000a3f00000|100%| O|  |TAMS 0x00000000a3f00000, 0x00000000a3e00000| Untracked 
|  29|0x00000000a3f00000, 0x00000000a4000000, 0x00000000a4000000|100%| O|  |TAMS 0x00000000a4000000, 0x00000000a3f00000| Untracked 
|  30|0x00000000a4000000, 0x00000000a4100000, 0x00000000a4100000|100%| O|  |TAMS 0x00000000a4100000, 0x00000000a4000000| Untracked 
|  31|0x00000000a4100000, 0x00000000a4200000, 0x00000000a4200000|100%| O|  |TAMS 0x00000000a4200000, 0x00000000a4100000| Untracked 
|  32|0x00000000a4200000, 0x00000000a4300000, 0x00000000a4300000|100%| O|  |TAMS 0x00000000a4300000, 0x00000000a4200000| Untracked 
|  33|0x00000000a4300000, 0x00000000a4400000, 0x00000000a4400000|100%| O|  |TAMS 0x00000000a4400000, 0x00000000a4300000| Untracked 
|  34|0x00000000a4400000, 0x00000000a4500000, 0x00000000a4500000|100%| O|  |TAMS 0x00000000a4500000, 0x00000000a4400000| Untracked 
|  35|0x00000000a4500000, 0x00000000a4600000, 0x00000000a4600000|100%| O|  |TAMS 0x00000000a4600000, 0x00000000a4500000| Untracked 
|  36|0x00000000a4600000, 0x00000000a4700000, 0x00000000a4700000|100%| O|  |TAMS 0x00000000a4700000, 0x00000000a4600000| Untracked 
|  37|0x00000000a4700000, 0x00000000a4800000, 0x00000000a4800000|100%| O|  |TAMS 0x00000000a4800000, 0x00000000a4700000| Untracked 
|  38|0x00000000a4800000, 0x00000000a4900000, 0x00000000a4900000|100%| O|  |TAMS 0x00000000a4900000, 0x00000000a4800000| Untracked 
|  39|0x00000000a4900000, 0x00000000a4a00000, 0x00000000a4a00000|100%| O|  |TAMS 0x00000000a4a00000, 0x00000000a4900000| Untracked 
|  40|0x00000000a4a00000, 0x00000000a4b00000, 0x00000000a4b00000|100%| O|  |TAMS 0x00000000a4b00000, 0x00000000a4a00000| Untracked 
|  41|0x00000000a4b00000, 0x00000000a4c00000, 0x00000000a4c00000|100%| O|  |TAMS 0x00000000a4c00000, 0x00000000a4b00000| Untracked 
|  42|0x00000000a4c00000, 0x00000000a4d00000, 0x00000000a4d00000|100%| O|  |TAMS 0x00000000a4d00000, 0x00000000a4c00000| Untracked 
|  43|0x00000000a4d00000, 0x00000000a4e00000, 0x00000000a4e00000|100%| O|  |TAMS 0x00000000a4e00000, 0x00000000a4d00000| Untracked 
|  44|0x00000000a4e00000, 0x00000000a4f00000, 0x00000000a4f00000|100%| O|  |TAMS 0x00000000a4f00000, 0x00000000a4e00000| Untracked 
|  45|0x00000000a4f00000, 0x00000000a5000000, 0x00000000a5000000|100%| O|  |TAMS 0x00000000a5000000, 0x00000000a4f00000| Untracked 
|  46|0x00000000a5000000, 0x00000000a5100000, 0x00000000a5100000|100%| O|  |TAMS 0x00000000a5100000, 0x00000000a5000000| Untracked 
|  47|0x00000000a5100000, 0x00000000a5200000, 0x00000000a5200000|100%| O|  |TAMS 0x00000000a5200000, 0x00000000a5100000| Untracked 
|  48|0x00000000a5200000, 0x00000000a5300000, 0x00000000a5300000|100%| O|  |TAMS 0x00000000a5300000, 0x00000000a5200000| Untracked 
|  49|0x00000000a5300000, 0x00000000a5400000, 0x00000000a5400000|100%| O|  |TAMS 0x00000000a5400000, 0x00000000a5300000| Untracked 
|  50|0x00000000a5400000, 0x00000000a5500000, 0x00000000a5500000|100%| O|  |TAMS 0x00000000a5500000, 0x00000000a5400000| Untracked 
|  51|0x00000000a5500000, 0x00000000a5600000, 0x00000000a5600000|100%| O|  |TAMS 0x00000000a5600000, 0x00000000a5500000| Untracked 
|  52|0x00000000a5600000, 0x00000000a5700000, 0x00000000a5700000|100%| O|  |TAMS 0x00000000a5700000, 0x00000000a5600000| Untracked 
|  53|0x00000000a5700000, 0x00000000a5800000, 0x00000000a5800000|100%| O|  |TAMS 0x00000000a5800000, 0x00000000a5700000| Untracked 
|  54|0x00000000a5800000, 0x00000000a5900000, 0x00000000a5900000|100%| O|  |TAMS 0x00000000a5900000, 0x00000000a5800000| Untracked 
|  55|0x00000000a5900000, 0x00000000a5a00000, 0x00000000a5a00000|100%| O|  |TAMS 0x00000000a5a00000, 0x00000000a5900000| Untracked 
|  56|0x00000000a5a00000, 0x00000000a5b00000, 0x00000000a5b00000|100%| O|  |TAMS 0x00000000a5b00000, 0x00000000a5a00000| Untracked 
|  57|0x00000000a5b00000, 0x00000000a5c00000, 0x00000000a5c00000|100%| O|  |TAMS 0x00000000a5c00000, 0x00000000a5b00000| Untracked 
|  58|0x00000000a5c00000, 0x00000000a5d00000, 0x00000000a5d00000|100%| O|  |TAMS 0x00000000a5d00000, 0x00000000a5c00000| Untracked 
|  59|0x00000000a5d00000, 0x00000000a5e00000, 0x00000000a5e00000|100%| O|  |TAMS 0x00000000a5e00000, 0x00000000a5d00000| Untracked 
|  60|0x00000000a5e00000, 0x00000000a5f00000, 0x00000000a5f00000|100%| O|  |TAMS 0x00000000a5f00000, 0x00000000a5e00000| Untracked 
|  61|0x00000000a5f00000, 0x00000000a6000000, 0x00000000a6000000|100%| O|  |TAMS 0x00000000a5fe6600, 0x00000000a5f00000| Untracked 
|  62|0x00000000a6000000, 0x00000000a6100000, 0x00000000a6100000|100%| O|  |TAMS 0x00000000a6000000, 0x00000000a6000000| Untracked 
|  63|0x00000000a6100000, 0x00000000a6200000, 0x00000000a6200000|100%|HS|  |TAMS 0x00000000a6100000, 0x00000000a6100000| Complete 
|  64|0x00000000a6200000, 0x00000000a6300000, 0x00000000a6300000|100%|HC|  |TAMS 0x00000000a6200000, 0x00000000a6200000| Complete 
|  65|0x00000000a6300000, 0x00000000a6400000, 0x00000000a6400000|100%| O|  |TAMS 0x00000000a6300000, 0x00000000a6300000| Untracked 
|  66|0x00000000a6400000, 0x00000000a6500000, 0x00000000a6500000|100%| O|  |TAMS 0x00000000a6400000, 0x00000000a6400000| Untracked 
|  67|0x00000000a6500000, 0x00000000a6600000, 0x00000000a6600000|100%| O|  |TAMS 0x00000000a6500000, 0x00000000a6500000| Untracked 
|  68|0x00000000a6600000, 0x00000000a6700000, 0x00000000a6700000|100%| O|  |TAMS 0x00000000a6600000, 0x00000000a6600000| Untracked 
|  69|0x00000000a6700000, 0x00000000a6800000, 0x00000000a6800000|100%| O|  |TAMS 0x00000000a6700000, 0x00000000a6700000| Untracked 
|  70|0x00000000a6800000, 0x00000000a6900000, 0x00000000a6900000|100%| O|  |TAMS 0x00000000a6800000, 0x00000000a6800000| Untracked 
|  71|0x00000000a6900000, 0x00000000a6a00000, 0x00000000a6a00000|100%| O|  |TAMS 0x00000000a6900000, 0x00000000a6900000| Untracked 
|  72|0x00000000a6a00000, 0x00000000a6b00000, 0x00000000a6b00000|100%| O|  |TAMS 0x00000000a6a00000, 0x00000000a6a00000| Untracked 
|  73|0x00000000a6b00000, 0x00000000a6c00000, 0x00000000a6c00000|100%| O|  |TAMS 0x00000000a6b00000, 0x00000000a6b00000| Untracked 
|  74|0x00000000a6c00000, 0x00000000a6d00000, 0x00000000a6d00000|100%| O|  |TAMS 0x00000000a6c00000, 0x00000000a6c00000| Untracked 
|  75|0x00000000a6d00000, 0x00000000a6e00000, 0x00000000a6e00000|100%| O|  |TAMS 0x00000000a6d00000, 0x00000000a6d00000| Untracked 
|  76|0x00000000a6e00000, 0x00000000a6f00000, 0x00000000a6f00000|100%| O|  |TAMS 0x00000000a6e00000, 0x00000000a6e00000| Untracked 
|  77|0x00000000a6f00000, 0x00000000a7000000, 0x00000000a7000000|100%| O|  |TAMS 0x00000000a6f00000, 0x00000000a6f00000| Untracked 
|  78|0x00000000a7000000, 0x00000000a7100000, 0x00000000a7100000|100%| O|  |TAMS 0x00000000a7000000, 0x00000000a7000000| Untracked 
|  79|0x00000000a7100000, 0x00000000a7200000, 0x00000000a7200000|100%| O|  |TAMS 0x00000000a7100000, 0x00000000a7100000| Untracked 
|  80|0x00000000a7200000, 0x00000000a7300000, 0x00000000a7300000|100%| O|  |TAMS 0x00000000a7200000, 0x00000000a7200000| Untracked 
|  81|0x00000000a7300000, 0x00000000a7400000, 0x00000000a7400000|100%| O|  |TAMS 0x00000000a7300000, 0x00000000a7300000| Untracked 
|  82|0x00000000a7400000, 0x00000000a7500000, 0x00000000a7500000|100%| O|  |TAMS 0x00000000a7400000, 0x00000000a7400000| Untracked 
|  83|0x00000000a7500000, 0x00000000a755ce00, 0x00000000a7600000| 36%| O|  |TAMS 0x00000000a7500000, 0x00000000a7500000| Untracked 
|  84|0x00000000a7600000, 0x00000000a7600000, 0x00000000a7700000|  0%| F|  |TAMS 0x00000000a7600000, 0x00000000a7600000| Untracked 
|  85|0x00000000a7700000, 0x00000000a7700000, 0x00000000a7800000|  0%| F|  |TAMS 0x00000000a7700000, 0x00000000a7700000| Untracked 
|  86|0x00000000a7800000, 0x00000000a7800000, 0x00000000a7900000|  0%| F|  |TAMS 0x00000000a7800000, 0x00000000a7800000| Untracked 
|  87|0x00000000a7900000, 0x00000000a7900000, 0x00000000a7a00000|  0%| F|  |TAMS 0x00000000a7900000, 0x00000000a7900000| Untracked 
|  88|0x00000000a7a00000, 0x00000000a7a00000, 0x00000000a7b00000|  0%| F|  |TAMS 0x00000000a7a00000, 0x00000000a7a00000| Untracked 
|  89|0x00000000a7b00000, 0x00000000a7b00000, 0x00000000a7c00000|  0%| F|  |TAMS 0x00000000a7b00000, 0x00000000a7b00000| Untracked 
|  90|0x00000000a7c00000, 0x00000000a7c00000, 0x00000000a7d00000|  0%| F|  |TAMS 0x00000000a7c00000, 0x00000000a7c00000| Untracked 
|  91|0x00000000a7d00000, 0x00000000a7d00000, 0x00000000a7e00000|  0%| F|  |TAMS 0x00000000a7d00000, 0x00000000a7d00000| Untracked 
|  92|0x00000000a7e00000, 0x00000000a7e00000, 0x00000000a7f00000|  0%| F|  |TAMS 0x00000000a7e00000, 0x00000000a7e00000| Untracked 
|  93|0x00000000a7f00000, 0x00000000a7f00000, 0x00000000a8000000|  0%| F|  |TAMS 0x00000000a7f00000, 0x00000000a7f00000| Untracked 
|  94|0x00000000a8000000, 0x00000000a8000000, 0x00000000a8100000|  0%| F|  |TAMS 0x00000000a8000000, 0x00000000a8000000| Untracked 
|  95|0x00000000a8100000, 0x00000000a8100000, 0x00000000a8200000|  0%| F|  |TAMS 0x00000000a8100000, 0x00000000a8100000| Untracked 
|  96|0x00000000a8200000, 0x00000000a8200000, 0x00000000a8300000|  0%| F|  |TAMS 0x00000000a8200000, 0x00000000a8200000| Untracked 
|  97|0x00000000a8300000, 0x00000000a8300000, 0x00000000a8400000|  0%| F|  |TAMS 0x00000000a8300000, 0x00000000a8300000| Untracked 
|  98|0x00000000a8400000, 0x00000000a8400000, 0x00000000a8500000|  0%| F|  |TAMS 0x00000000a8400000, 0x00000000a8400000| Untracked 
|  99|0x00000000a8500000, 0x00000000a8500000, 0x00000000a8600000|  0%| F|  |TAMS 0x00000000a8500000, 0x00000000a8500000| Untracked 
| 100|0x00000000a8600000, 0x00000000a8600000, 0x00000000a8700000|  0%| F|  |TAMS 0x00000000a8600000, 0x00000000a8600000| Untracked 
| 101|0x00000000a8700000, 0x00000000a8700000, 0x00000000a8800000|  0%| F|  |TAMS 0x00000000a8700000, 0x00000000a8700000| Untracked 
| 102|0x00000000a8800000, 0x00000000a8800000, 0x00000000a8900000|  0%| F|  |TAMS 0x00000000a8800000, 0x00000000a8800000| Untracked 
| 103|0x00000000a8900000, 0x00000000a8900000, 0x00000000a8a00000|  0%| F|  |TAMS 0x00000000a8900000, 0x00000000a8900000| Untracked 
| 104|0x00000000a8a00000, 0x00000000a8a00000, 0x00000000a8b00000|  0%| F|  |TAMS 0x00000000a8a00000, 0x00000000a8a00000| Untracked 
| 105|0x00000000a8b00000, 0x00000000a8b00000, 0x00000000a8c00000|  0%| F|  |TAMS 0x00000000a8b00000, 0x00000000a8b00000| Untracked 
| 106|0x00000000a8c00000, 0x00000000a8c00000, 0x00000000a8d00000|  0%| F|  |TAMS 0x00000000a8c00000, 0x00000000a8c00000| Untracked 
| 107|0x00000000a8d00000, 0x00000000a8d00000, 0x00000000a8e00000|  0%| F|  |TAMS 0x00000000a8d00000, 0x00000000a8d00000| Untracked 
| 108|0x00000000a8e00000, 0x00000000a8e00000, 0x00000000a8f00000|  0%| F|  |TAMS 0x00000000a8e00000, 0x00000000a8e00000| Untracked 
| 109|0x00000000a8f00000, 0x00000000a8f00000, 0x00000000a9000000|  0%| F|  |TAMS 0x00000000a8f00000, 0x00000000a8f00000| Untracked 
| 110|0x00000000a9000000, 0x00000000a9000000, 0x00000000a9100000|  0%| F|  |TAMS 0x00000000a9000000, 0x00000000a9000000| Untracked 
| 111|0x00000000a9100000, 0x00000000a9100000, 0x00000000a9200000|  0%| F|  |TAMS 0x00000000a9100000, 0x00000000a9100000| Untracked 
| 112|0x00000000a9200000, 0x00000000a9200000, 0x00000000a9300000|  0%| F|  |TAMS 0x00000000a9200000, 0x00000000a9200000| Untracked 
| 113|0x00000000a9300000, 0x00000000a9300000, 0x00000000a9400000|  0%| F|  |TAMS 0x00000000a9300000, 0x00000000a9300000| Untracked 
| 114|0x00000000a9400000, 0x00000000a9400000, 0x00000000a9500000|  0%| F|  |TAMS 0x00000000a9400000, 0x00000000a9400000| Untracked 
| 115|0x00000000a9500000, 0x00000000a9500000, 0x00000000a9600000|  0%| F|  |TAMS 0x00000000a9500000, 0x00000000a9500000| Untracked 
| 116|0x00000000a9600000, 0x00000000a9600000, 0x00000000a9700000|  0%| F|  |TAMS 0x00000000a9600000, 0x00000000a9600000| Untracked 
| 117|0x00000000a9700000, 0x00000000a9700000, 0x00000000a9800000|  0%| F|  |TAMS 0x00000000a9700000, 0x00000000a9700000| Untracked 
| 118|0x00000000a9800000, 0x00000000a9800000, 0x00000000a9900000|  0%| F|  |TAMS 0x00000000a9800000, 0x00000000a9800000| Untracked 
| 119|0x00000000a9900000, 0x00000000a9900000, 0x00000000a9a00000|  0%| F|  |TAMS 0x00000000a9900000, 0x00000000a9900000| Untracked 
| 120|0x00000000a9a00000, 0x00000000a9a00000, 0x00000000a9b00000|  0%| F|  |TAMS 0x00000000a9a00000, 0x00000000a9a00000| Untracked 
| 121|0x00000000a9b00000, 0x00000000a9b00000, 0x00000000a9c00000|  0%| F|  |TAMS 0x00000000a9b00000, 0x00000000a9b00000| Untracked 
| 122|0x00000000a9c00000, 0x00000000a9c00000, 0x00000000a9d00000|  0%| F|  |TAMS 0x00000000a9c00000, 0x00000000a9c00000| Untracked 
| 123|0x00000000a9d00000, 0x00000000a9d00000, 0x00000000a9e00000|  0%| F|  |TAMS 0x00000000a9d00000, 0x00000000a9d00000| Untracked 
| 124|0x00000000a9e00000, 0x00000000a9e00000, 0x00000000a9f00000|  0%| F|  |TAMS 0x00000000a9e00000, 0x00000000a9e00000| Untracked 
| 125|0x00000000a9f00000, 0x00000000a9f00000, 0x00000000aa000000|  0%| F|  |TAMS 0x00000000a9f00000, 0x00000000a9f00000| Untracked 
| 126|0x00000000aa000000, 0x00000000aa000000, 0x00000000aa100000|  0%| F|  |TAMS 0x00000000aa000000, 0x00000000aa000000| Untracked 
| 127|0x00000000aa100000, 0x00000000aa100000, 0x00000000aa200000|  0%| F|  |TAMS 0x00000000aa100000, 0x00000000aa100000| Untracked 
| 128|0x00000000aa200000, 0x00000000aa200000, 0x00000000aa300000|  0%| F|  |TAMS 0x00000000aa200000, 0x00000000aa200000| Untracked 
| 129|0x00000000aa300000, 0x00000000aa300000, 0x00000000aa400000|  0%| F|  |TAMS 0x00000000aa300000, 0x00000000aa300000| Untracked 
| 130|0x00000000aa400000, 0x00000000aa400000, 0x00000000aa500000|  0%| F|  |TAMS 0x00000000aa400000, 0x00000000aa400000| Untracked 
| 131|0x00000000aa500000, 0x00000000aa500000, 0x00000000aa600000|  0%| F|  |TAMS 0x00000000aa500000, 0x00000000aa500000| Untracked 
| 132|0x00000000aa600000, 0x00000000aa600000, 0x00000000aa700000|  0%| F|  |TAMS 0x00000000aa600000, 0x00000000aa600000| Untracked 
| 133|0x00000000aa700000, 0x00000000aa700000, 0x00000000aa800000|  0%| F|  |TAMS 0x00000000aa700000, 0x00000000aa700000| Untracked 
| 134|0x00000000aa800000, 0x00000000aa800000, 0x00000000aa900000|  0%| F|  |TAMS 0x00000000aa800000, 0x00000000aa800000| Untracked 
| 135|0x00000000aa900000, 0x00000000aa900000, 0x00000000aaa00000|  0%| F|  |TAMS 0x00000000aa900000, 0x00000000aa900000| Untracked 
| 136|0x00000000aaa00000, 0x00000000aaa00000, 0x00000000aab00000|  0%| F|  |TAMS 0x00000000aaa00000, 0x00000000aaa00000| Untracked 
| 137|0x00000000aab00000, 0x00000000aab00000, 0x00000000aac00000|  0%| F|  |TAMS 0x00000000aab00000, 0x00000000aab00000| Untracked 
| 138|0x00000000aac00000, 0x00000000aac00000, 0x00000000aad00000|  0%| F|  |TAMS 0x00000000aac00000, 0x00000000aac00000| Untracked 
| 139|0x00000000aad00000, 0x00000000aad00000, 0x00000000aae00000|  0%| F|  |TAMS 0x00000000aad00000, 0x00000000aad00000| Untracked 
| 140|0x00000000aae00000, 0x00000000aae00000, 0x00000000aaf00000|  0%| F|  |TAMS 0x00000000aae00000, 0x00000000aae00000| Untracked 
| 141|0x00000000aaf00000, 0x00000000aaf00000, 0x00000000ab000000|  0%| F|  |TAMS 0x00000000aaf00000, 0x00000000aaf00000| Untracked 
| 142|0x00000000ab000000, 0x00000000ab000000, 0x00000000ab100000|  0%| F|  |TAMS 0x00000000ab000000, 0x00000000ab000000| Untracked 
| 143|0x00000000ab100000, 0x00000000ab100000, 0x00000000ab200000|  0%| F|  |TAMS 0x00000000ab100000, 0x00000000ab100000| Untracked 
| 144|0x00000000ab200000, 0x00000000ab200000, 0x00000000ab300000|  0%| F|  |TAMS 0x00000000ab200000, 0x00000000ab200000| Untracked 
| 145|0x00000000ab300000, 0x00000000ab300000, 0x00000000ab400000|  0%| F|  |TAMS 0x00000000ab300000, 0x00000000ab300000| Untracked 
| 146|0x00000000ab400000, 0x00000000ab400000, 0x00000000ab500000|  0%| F|  |TAMS 0x00000000ab400000, 0x00000000ab400000| Untracked 
| 147|0x00000000ab500000, 0x00000000ab500000, 0x00000000ab600000|  0%| F|  |TAMS 0x00000000ab500000, 0x00000000ab500000| Untracked 
| 148|0x00000000ab600000, 0x00000000ab600000, 0x00000000ab700000|  0%| F|  |TAMS 0x00000000ab600000, 0x00000000ab600000| Untracked 
| 149|0x00000000ab700000, 0x00000000ab700000, 0x00000000ab800000|  0%| F|  |TAMS 0x00000000ab700000, 0x00000000ab700000| Untracked 
| 150|0x00000000ab800000, 0x00000000ab800000, 0x00000000ab900000|  0%| F|  |TAMS 0x00000000ab800000, 0x00000000ab800000| Untracked 
| 151|0x00000000ab900000, 0x00000000ab900000, 0x00000000aba00000|  0%| F|  |TAMS 0x00000000ab900000, 0x00000000ab900000| Untracked 
| 152|0x00000000aba00000, 0x00000000aba00000, 0x00000000abb00000|  0%| F|  |TAMS 0x00000000aba00000, 0x00000000aba00000| Untracked 
| 153|0x00000000abb00000, 0x00000000abb00000, 0x00000000abc00000|  0%| F|  |TAMS 0x00000000abb00000, 0x00000000abb00000| Untracked 
| 154|0x00000000abc00000, 0x00000000abc00000, 0x00000000abd00000|  0%| F|  |TAMS 0x00000000abc00000, 0x00000000abc00000| Untracked 
| 155|0x00000000abd00000, 0x00000000abd00000, 0x00000000abe00000|  0%| F|  |TAMS 0x00000000abd00000, 0x00000000abd00000| Untracked 
| 156|0x00000000abe00000, 0x00000000abe00000, 0x00000000abf00000|  0%| F|  |TAMS 0x00000000abe00000, 0x00000000abe00000| Untracked 
| 157|0x00000000abf00000, 0x00000000abf00000, 0x00000000ac000000|  0%| F|  |TAMS 0x00000000abf00000, 0x00000000abf00000| Untracked 
| 158|0x00000000ac000000, 0x00000000ac000000, 0x00000000ac100000|  0%| F|  |TAMS 0x00000000ac000000, 0x00000000ac000000| Untracked 
| 159|0x00000000ac100000, 0x00000000ac100000, 0x00000000ac200000|  0%| F|  |TAMS 0x00000000ac100000, 0x00000000ac100000| Untracked 
| 160|0x00000000ac200000, 0x00000000ac200000, 0x00000000ac300000|  0%| F|  |TAMS 0x00000000ac200000, 0x00000000ac200000| Untracked 
| 161|0x00000000ac300000, 0x00000000ac300000, 0x00000000ac400000|  0%| F|  |TAMS 0x00000000ac300000, 0x00000000ac300000| Untracked 
| 162|0x00000000ac400000, 0x00000000ac400000, 0x00000000ac500000|  0%| F|  |TAMS 0x00000000ac400000, 0x00000000ac400000| Untracked 
| 163|0x00000000ac500000, 0x00000000ac500000, 0x00000000ac600000|  0%| F|  |TAMS 0x00000000ac500000, 0x00000000ac500000| Untracked 
| 164|0x00000000ac600000, 0x00000000ac600000, 0x00000000ac700000|  0%| F|  |TAMS 0x00000000ac600000, 0x00000000ac600000| Untracked 
| 165|0x00000000ac700000, 0x00000000ac700000, 0x00000000ac800000|  0%| F|  |TAMS 0x00000000ac700000, 0x00000000ac700000| Untracked 
| 166|0x00000000ac800000, 0x00000000ac800000, 0x00000000ac900000|  0%| F|  |TAMS 0x00000000ac800000, 0x00000000ac800000| Untracked 
| 167|0x00000000ac900000, 0x00000000ac900000, 0x00000000aca00000|  0%| F|  |TAMS 0x00000000ac900000, 0x00000000ac900000| Untracked 
| 168|0x00000000aca00000, 0x00000000aca00000, 0x00000000acb00000|  0%| F|  |TAMS 0x00000000aca00000, 0x00000000aca00000| Untracked 
| 169|0x00000000acb00000, 0x00000000acb00000, 0x00000000acc00000|  0%| F|  |TAMS 0x00000000acb00000, 0x00000000acb00000| Untracked 
| 170|0x00000000acc00000, 0x00000000acc00000, 0x00000000acd00000|  0%| F|  |TAMS 0x00000000acc00000, 0x00000000acc00000| Untracked 
| 171|0x00000000acd00000, 0x00000000acd74a40, 0x00000000ace00000| 45%| S|CS|TAMS 0x00000000acd00000, 0x00000000acd00000| Complete 
| 172|0x00000000ace00000, 0x00000000acf00000, 0x00000000acf00000|100%| S|CS|TAMS 0x00000000ace00000, 0x00000000ace00000| Complete 
| 173|0x00000000acf00000, 0x00000000ad000000, 0x00000000ad000000|100%| S|CS|TAMS 0x00000000acf00000, 0x00000000acf00000| Complete 
| 174|0x00000000ad000000, 0x00000000ad000000, 0x00000000ad100000|  0%| F|  |TAMS 0x00000000ad000000, 0x00000000ad000000| Untracked 
| 175|0x00000000ad100000, 0x00000000ad100000, 0x00000000ad200000|  0%| F|  |TAMS 0x00000000ad100000, 0x00000000ad100000| Untracked 
| 176|0x00000000ad200000, 0x00000000ad200000, 0x00000000ad300000|  0%| F|  |TAMS 0x00000000ad200000, 0x00000000ad200000| Untracked 
| 177|0x00000000ad300000, 0x00000000ad300000, 0x00000000ad400000|  0%| F|  |TAMS 0x00000000ad300000, 0x00000000ad300000| Untracked 
| 178|0x00000000ad400000, 0x00000000ad400000, 0x00000000ad500000|  0%| F|  |TAMS 0x00000000ad400000, 0x00000000ad400000| Untracked 
| 179|0x00000000ad500000, 0x00000000ad500000, 0x00000000ad600000|  0%| F|  |TAMS 0x00000000ad500000, 0x00000000ad500000| Untracked 
| 180|0x00000000ad600000, 0x00000000ad600000, 0x00000000ad700000|  0%| F|  |TAMS 0x00000000ad600000, 0x00000000ad600000| Untracked 
| 181|0x00000000ad700000, 0x00000000ad700000, 0x00000000ad800000|  0%| F|  |TAMS 0x00000000ad700000, 0x00000000ad700000| Untracked 
| 182|0x00000000ad800000, 0x00000000ad800000, 0x00000000ad900000|  0%| F|  |TAMS 0x00000000ad800000, 0x00000000ad800000| Untracked 
| 183|0x00000000ad900000, 0x00000000ad900000, 0x00000000ada00000|  0%| F|  |TAMS 0x00000000ad900000, 0x00000000ad900000| Untracked 
| 184|0x00000000ada00000, 0x00000000ada00000, 0x00000000adb00000|  0%| F|  |TAMS 0x00000000ada00000, 0x00000000ada00000| Untracked 
| 185|0x00000000adb00000, 0x00000000adb00000, 0x00000000adc00000|  0%| F|  |TAMS 0x00000000adb00000, 0x00000000adb00000| Untracked 
| 186|0x00000000adc00000, 0x00000000adc00000, 0x00000000add00000|  0%| F|  |TAMS 0x00000000adc00000, 0x00000000adc00000| Untracked 
| 187|0x00000000add00000, 0x00000000add00000, 0x00000000ade00000|  0%| F|  |TAMS 0x00000000add00000, 0x00000000add00000| Untracked 
| 188|0x00000000ade00000, 0x00000000ade00000, 0x00000000adf00000|  0%| F|  |TAMS 0x00000000ade00000, 0x00000000ade00000| Untracked 
| 189|0x00000000adf00000, 0x00000000adf00000, 0x00000000ae000000|  0%| F|  |TAMS 0x00000000adf00000, 0x00000000adf00000| Untracked 
| 190|0x00000000ae000000, 0x00000000ae000000, 0x00000000ae100000|  0%| F|  |TAMS 0x00000000ae000000, 0x00000000ae000000| Untracked 
| 191|0x00000000ae100000, 0x00000000ae100000, 0x00000000ae200000|  0%| F|  |TAMS 0x00000000ae100000, 0x00000000ae100000| Untracked 
| 192|0x00000000ae200000, 0x00000000ae200000, 0x00000000ae300000|  0%| F|  |TAMS 0x00000000ae200000, 0x00000000ae200000| Untracked 
| 193|0x00000000ae300000, 0x00000000ae300000, 0x00000000ae400000|  0%| F|  |TAMS 0x00000000ae300000, 0x00000000ae300000| Untracked 
| 194|0x00000000ae400000, 0x00000000ae400000, 0x00000000ae500000|  0%| F|  |TAMS 0x00000000ae400000, 0x00000000ae400000| Untracked 
| 195|0x00000000ae500000, 0x00000000ae500000, 0x00000000ae600000|  0%| F|  |TAMS 0x00000000ae500000, 0x00000000ae500000| Untracked 
| 196|0x00000000ae600000, 0x00000000ae600000, 0x00000000ae700000|  0%| F|  |TAMS 0x00000000ae600000, 0x00000000ae600000| Untracked 
| 197|0x00000000ae700000, 0x00000000ae700000, 0x00000000ae800000|  0%| F|  |TAMS 0x00000000ae700000, 0x00000000ae700000| Untracked 
| 198|0x00000000ae800000, 0x00000000ae800000, 0x00000000ae900000|  0%| F|  |TAMS 0x00000000ae800000, 0x00000000ae800000| Untracked 
| 199|0x00000000ae900000, 0x00000000ae900000, 0x00000000aea00000|  0%| F|  |TAMS 0x00000000ae900000, 0x00000000ae900000| Untracked 
| 200|0x00000000aea00000, 0x00000000aea00000, 0x00000000aeb00000|  0%| F|  |TAMS 0x00000000aea00000, 0x00000000aea00000| Untracked 
| 201|0x00000000aeb00000, 0x00000000aeb00000, 0x00000000aec00000|  0%| F|  |TAMS 0x00000000aeb00000, 0x00000000aeb00000| Untracked 
| 202|0x00000000aec00000, 0x00000000aec00000, 0x00000000aed00000|  0%| F|  |TAMS 0x00000000aec00000, 0x00000000aec00000| Untracked 
| 203|0x00000000aed00000, 0x00000000aed00000, 0x00000000aee00000|  0%| F|  |TAMS 0x00000000aed00000, 0x00000000aed00000| Untracked 
| 204|0x00000000aee00000, 0x00000000aee00000, 0x00000000aef00000|  0%| F|  |TAMS 0x00000000aee00000, 0x00000000aee00000| Untracked 
| 205|0x00000000aef00000, 0x00000000aef00000, 0x00000000af000000|  0%| F|  |TAMS 0x00000000aef00000, 0x00000000aef00000| Untracked 

Card table byte_map: [0x0000024ef28b0000,0x0000024ef2ba0000] _byte_map_base: 0x0000024ef239f000

Marking Bits (Prev, Next): (CMBitMap*) 0x0000024eda94ecc8, (CMBitMap*) 0x0000024eda94ed00
 Prev Bits: [0x0000024ef2e90000, 0x0000024ef4608000)
 Next Bits: [0x0000024ef4610000, 0x0000024ef5d88000)

Polling page: 0x0000024ed88e0000

Metaspace:

Usage:
  Non-class:     61.80 MB capacity,    61.28 MB (>99%) used,   403.39 KB ( <1%) free+waste,   126.56 KB ( <1%) overhead. 
      Class:      7.80 MB capacity,     7.45 MB ( 96%) used,   305.20 KB (  4%) free+waste,    54.06 KB ( <1%) overhead. 
       Both:     69.60 MB capacity,    68.73 MB ( 99%) used,   708.59 KB ( <1%) free+waste,   180.63 KB ( <1%) overhead. 

Virtual space:
  Non-class space:       62.00 MB reserved,      62.00 MB (>99%) committed 
      Class space:        1.00 GB reserved,       7.83 MB ( <1%) committed 
             Both:        1.06 GB reserved,      69.83 MB (  6%) committed 

Chunk freelists:
   Non-Class:  11.00 KB
       Class:  13.00 KB
        Both:  24.00 KB

MaxMetaspaceSize: 17179869184.00 GB
CompressedClassSpaceSize: 1.00 GB
Initial GC threshold: 20.80 MB
Current GC threshold: 108.88 MB
CDS: off

CodeHeap 'non-profiled nmethods': size=120000Kb used=6133Kb max_used=6133Kb free=113866Kb
 bounds [0x0000024eeab30000, 0x0000024eeb130000, 0x0000024ef2060000]
CodeHeap 'profiled nmethods': size=120000Kb used=37886Kb max_used=37886Kb free=82113Kb
 bounds [0x0000024ee3600000, 0x0000024ee5b00000, 0x0000024eeab30000]
CodeHeap 'non-nmethods': size=5760Kb used=1309Kb max_used=1352Kb free=4450Kb
 bounds [0x0000024ee3060000, 0x0000024ee32d0000, 0x0000024ee3600000]
 total_blobs=13988 nmethods=13399 adapters=498
 compilation: enabled
              stopped_count=0, restarted_count=0
 full_count=0

Compilation events (20 events):
Event: 29.180 Thread 0x0000024ef9283800 nmethod 13636 0x0000024ee5af5410 code [0x0000024ee5af5600, 0x0000024ee5af58a8]
Event: 29.180 Thread 0x0000024ef9283800 13637       3       org.jetbrains.kotlin.psi.KtPsiUtil::getEnclosingElementForLocalDeclaration (15 bytes)
Event: 29.180 Thread 0x0000024ef9283800 nmethod 13637 0x0000024ee5af5990 code [0x0000024ee5af5b60, 0x0000024ee5af5cf8]
Event: 29.183 Thread 0x0000024ef9283800 13638       3       javaslang.collection.HashSet::empty (4 bytes)
Event: 29.183 Thread 0x0000024ef9283800 nmethod 13638 0x0000024ee5af5d90 code [0x0000024ee5af5f40, 0x0000024ee5af6038]
Event: 29.184 Thread 0x0000024ef9283800 13639       3       org.jetbrains.kotlin.cfg.pseudocode.instructions.special.SubroutineExitInstruction::getNextInstructions (17 bytes)
Event: 29.185 Thread 0x0000024ef9283800 nmethod 13639 0x0000024ee5af6110 code [0x0000024ee5af6360, 0x0000024ee5af6bf8]
Event: 29.185 Thread 0x0000024ef9283800 13640       3       org.jetbrains.kotlin.cfg.pseudocode.instructions.special.SubroutineExitInstruction::getSink (9 bytes)
Event: 29.185 Thread 0x0000024ef9283800 nmethod 13640 0x0000024ee5af6f10 code [0x0000024ee5af7120, 0x0000024ee5af7668]
Event: 29.190 Thread 0x0000024ef9283800 13641       3       org.jetbrains.kotlin.cfg.pseudocodeTraverser.PseudocodeTraverserKt::collectDataFromSubgraph (497 bytes)
Event: 29.190 Thread 0x0000024ef9282800 13642       4       org.jetbrains.kotlin.cfg.pseudocodeTraverser.Edges::<init> (15 bytes)
Event: 29.192 Thread 0x0000024ef9282800 nmethod 13642 0x0000024eeb12c910 code [0x0000024eeb12caa0, 0x0000024eeb12cc98]
Event: 29.194 Thread 0x0000024ef9283800 nmethod 13641 0x0000024ee5af7890 code [0x0000024ee5af8020, 0x0000024ee5afcad8]
Event: 29.195 Thread 0x0000024ef9283800 13643       3       org.jetbrains.kotlin.descriptors.DescriptorPsiUtilsKt::hasBody (49 bytes)
Event: 29.196 Thread 0x0000024ef9283800 nmethod 13643 0x0000024ee5afe390 code [0x0000024ee5afe600, 0x0000024ee5aff038]
Event: 29.202 Thread 0x0000024ef9282800 13644       4       org.jetbrains.kotlin.com.intellij.psi.impl.file.impl.FileManagerImpl::dispatchPendingEvents (53 bytes)
Event: 29.211 Thread 0x0000024ef9283800 13646       3       org.jetbrains.kotlin.psi.KtClassOrObject::hasExplicitPrimaryConstructor (13 bytes)
Event: 29.211 Thread 0x0000024ef9283800 nmethod 13646 0x0000024ee5aff310 code [0x0000024ee5aff4e0, 0x0000024ee5aff8a8]
Event: 29.214 Thread 0x0000024ef9282800 nmethod 13644 0x0000024eeb12cd10 code [0x0000024eeb12cf00, 0x0000024eeb12d318]
Event: 29.214 Thread 0x0000024ef9282800 13645       4       org.jetbrains.kotlin.com.intellij.openapi.vfs.local.CoreLocalVirtualFile::isDirectory (14 bytes)

GC Heap History (20 events):
Event: 6.215 GC heap after
{Heap after GC invocations=9 (full 0):
 garbage-first heap   total 115712K, used 38528K [0x00000000a2200000, 0x0000000100000000)
  region size 1024K, 5 young (5120K), 5 survivors (5120K)
 Metaspace       used 52177K, capacity 52734K, committed 52816K, reserved 1095680K
  class space    used 5943K, capacity 6172K, committed 6228K, reserved 1048576K
}
Event: 8.816 GC heap before
{Heap before GC invocations=9 (full 0):
 garbage-first heap   total 115712K, used 73344K [0x00000000a2200000, 0x0000000100000000)
  region size 1024K, 40 young (40960K), 5 survivors (5120K)
 Metaspace       used 59595K, capacity 60328K, committed 60496K, reserved 1101824K
  class space    used 6808K, capacity 7135K, committed 7252K, reserved 1048576K
}
Event: 8.858 GC heap after
{Heap after GC invocations=10 (full 0):
 garbage-first heap   total 115712K, used 43996K [0x00000000a2200000, 0x0000000100000000)
  region size 1024K, 6 young (6144K), 6 survivors (6144K)
 Metaspace       used 59595K, capacity 60328K, committed 60496K, reserved 1101824K
  class space    used 6808K, capacity 7135K, committed 7252K, reserved 1048576K
}
Event: 9.605 GC heap before
{Heap before GC invocations=11 (full 0):
 garbage-first heap   total 115712K, used 81884K [0x00000000a2200000, 0x0000000100000000)
  region size 1024K, 43 young (44032K), 6 survivors (6144K)
 Metaspace       used 59933K, capacity 60778K, committed 61008K, reserved 1103872K
  class space    used 6815K, capacity 7135K, committed 7252K, reserved 1048576K
}
Event: 9.658 GC heap after
{Heap after GC invocations=12 (full 0):
 garbage-first heap   total 139264K, used 49618K [0x00000000a2200000, 0x0000000100000000)
  region size 1024K, 6 young (6144K), 6 survivors (6144K)
 Metaspace       used 59933K, capacity 60778K, committed 61008K, reserved 1103872K
  class space    used 6815K, capacity 7135K, committed 7252K, reserved 1048576K
}
Event: 10.650 GC heap before
{Heap before GC invocations=12 (full 0):
 garbage-first heap   total 139264K, used 96722K [0x00000000a2200000, 0x0000000100000000)
  region size 1024K, 52 young (53248K), 6 survivors (6144K)
 Metaspace       used 61305K, capacity 62116K, committed 62416K, reserved 1103872K
  class space    used 6980K, capacity 7304K, committed 7380K, reserved 1048576K
}
Event: 10.716 GC heap after
{Heap after GC invocations=13 (full 0):
 garbage-first heap   total 139264K, used 57662K [0x00000000a2200000, 0x0000000100000000)
  region size 1024K, 7 young (7168K), 7 survivors (7168K)
 Metaspace       used 61305K, capacity 62116K, committed 62416K, reserved 1103872K
  class space    used 6980K, capacity 7304K, committed 7380K, reserved 1048576K
}
Event: 11.340 GC heap before
{Heap before GC invocations=13 (full 0):
 garbage-first heap   total 139264K, used 101694K [0x00000000a2200000, 0x0000000100000000)
  region size 1024K, 50 young (51200K), 7 survivors (7168K)
 Metaspace       used 61899K, capacity 62711K, committed 63056K, reserved 1105920K
  class space    used 7022K, capacity 7374K, committed 7508K, reserved 1048576K
}
Event: 11.410 GC heap after
{Heap after GC invocations=14 (full 0):
 garbage-first heap   total 139264K, used 63488K [0x00000000a2200000, 0x0000000100000000)
  region size 1024K, 5 young (5120K), 5 survivors (5120K)
 Metaspace       used 61899K, capacity 62711K, committed 63056K, reserved 1105920K
  class space    used 7022K, capacity 7374K, committed 7508K, reserved 1048576K
}
Event: 11.863 GC heap before
{Heap before GC invocations=14 (full 0):
 garbage-first heap   total 139264K, used 105472K [0x00000000a2200000, 0x0000000100000000)
  region size 1024K, 46 young (47104K), 5 survivors (5120K)
 Metaspace       used 62639K, capacity 63462K, committed 63568K, reserved 1105920K
  class space    used 7087K, capacity 7411K, committed 7508K, reserved 1048576K
}
Event: 11.899 GC heap after
{Heap after GC invocations=15 (full 0):
 garbage-first heap   total 139264K, used 65414K [0x00000000a2200000, 0x0000000100000000)
  region size 1024K, 2 young (2048K), 2 survivors (2048K)
 Metaspace       used 62639K, capacity 63462K, committed 63568K, reserved 1105920K
  class space    used 7087K, capacity 7411K, committed 7508K, reserved 1048576K
}
Event: 13.594 GC heap before
{Heap before GC invocations=15 (full 0):
 garbage-first heap   total 139264K, used 99206K [0x00000000a2200000, 0x0000000100000000)
  region size 1024K, 36 young (36864K), 2 survivors (2048K)
 Metaspace       used 65782K, capacity 66641K, committed 66896K, reserved 1107968K
  class space    used 7355K, capacity 7702K, committed 7764K, reserved 1048576K
}
Event: 13.642 GC heap after
{Heap after GC invocations=16 (full 0):
 garbage-first heap   total 210944K, used 68655K [0x00000000a2200000, 0x0000000100000000)
  region size 1024K, 6 young (6144K), 6 survivors (6144K)
 Metaspace       used 65782K, capacity 66641K, committed 66896K, reserved 1107968K
  class space    used 7355K, capacity 7702K, committed 7764K, reserved 1048576K
}
Event: 16.514 GC heap before
{Heap before GC invocations=17 (full 0):
 garbage-first heap   total 210944K, used 137263K [0x00000000a2200000, 0x0000000100000000)
  region size 1024K, 70 young (71680K), 6 survivors (6144K)
 Metaspace       used 68799K, capacity 69689K, committed 69968K, reserved 1112064K
  class space    used 7567K, capacity 7915K, committed 8020K, reserved 1048576K
}
Event: 16.547 GC heap after
{Heap after GC invocations=18 (full 0):
 garbage-first heap   total 210944K, used 77814K [0x00000000a2200000, 0x0000000100000000)
  region size 1024K, 9 young (9216K), 9 survivors (9216K)
 Metaspace       used 68799K, capacity 69689K, committed 69968K, reserved 1112064K
  class space    used 7567K, capacity 7915K, committed 8020K, reserved 1048576K
}
Event: 23.132 GC heap before
{Heap before GC invocations=18 (full 0):
 garbage-first heap   total 210944K, used 156662K [0x00000000a2200000, 0x0000000100000000)
  region size 1024K, 86 young (88064K), 9 survivors (9216K)
 Metaspace       used 69665K, capacity 70575K, committed 70736K, reserved 1112064K
  class space    used 7587K, capacity 7950K, committed 8020K, reserved 1048576K
}
Event: 24.369 GC heap after
{Heap after GC invocations=19 (full 0):
 garbage-first heap   total 210944K, used 85522K [0x00000000a2200000, 0x0000000100000000)
  region size 1024K, 8 young (8192K), 8 survivors (8192K)
 Metaspace       used 69665K, capacity 70575K, committed 70736K, reserved 1112064K
  class space    used 7587K, capacity 7950K, committed 8020K, reserved 1048576K
}
Event: 24.742 GC heap before
{Heap before GC invocations=19 (full 0):
 garbage-first heap   total 210944K, used 87570K [0x00000000a2200000, 0x0000000100000000)
  region size 1024K, 10 young (10240K), 8 survivors (8192K)
 Metaspace       used 69703K, capacity 70639K, committed 70736K, reserved 1112064K
  class space    used 7588K, capacity 7950K, committed 8020K, reserved 1048576K
}
Event: 24.799 GC heap after
{Heap after GC invocations=20 (full 0):
 garbage-first heap   total 210944K, used 86733K [0x00000000a2200000, 0x0000000100000000)
  region size 1024K, 2 young (2048K), 2 survivors (2048K)
 Metaspace       used 69703K, capacity 70639K, committed 70736K, reserved 1112064K
  class space    used 7588K, capacity 7950K, committed 8020K, reserved 1048576K
}
Event: 29.219 GC heap before
{Heap before GC invocations=20 (full 0):
 garbage-first heap   total 210944K, used 117453K [0x00000000a2200000, 0x0000000100000000)
  region size 1024K, 32 young (32768K), 2 survivors (2048K)
 Metaspace       used 70378K, capacity 71268K, committed 71504K, reserved 1112064K
  class space    used 7627K, capacity 7987K, committed 8020K, reserved 1048576K
}

Deoptimization events (20 events):
Event: 28.728 Thread 0x0000024eda914000 DEOPT PACKING pc=0x0000024eeb1195a4 sp=0x00000099582fe2f0
Event: 28.728 Thread 0x0000024eda914000 DEOPT UNPACKING pc=0x0000024ee30aa95e sp=0x00000099582fd658 mode 0
Event: 28.728 Thread 0x0000024eda914000 Uncommon trap: trap_request=0xffffffc6 fr.pc=0x0000024eeb11dea8 relative=0x00000000000003a8
Event: 28.728 Thread 0x0000024eda914000 Uncommon trap: reason=bimorphic_or_optimized_type_check action=maybe_recompile pc=0x0000024eeb11dea8 method=org.jetbrains.kotlin.util.slicedMap.SlicedMapImpl.get(Lorg/jetbrains/kotlin/util/slicedMap/ReadOnlySlice;Ljava/lang/Object;)Ljava/lang/Object; @ 35
Event: 28.728 Thread 0x0000024eda914000 DEOPT PACKING pc=0x0000024eeb11dea8 sp=0x00000099582fe1d0
Event: 28.728 Thread 0x0000024eda914000 DEOPT UNPACKING pc=0x0000024ee30aa1af sp=0x00000099582fe0b0 mode 2
Event: 28.728 Thread 0x0000024eda914000 Uncommon trap: trap_request=0xffffffc6 fr.pc=0x0000024eeb11b21c relative=0x00000000000002bc
Event: 28.728 Thread 0x0000024eda914000 Uncommon trap: reason=bimorphic_or_optimized_type_check action=maybe_recompile pc=0x0000024eeb11b21c method=org.jetbrains.kotlin.util.slicedMap.SlicedMapImpl.get(Lorg/jetbrains/kotlin/util/slicedMap/ReadOnlySlice;Ljava/lang/Object;)Ljava/lang/Object; @ 35
Event: 28.728 Thread 0x0000024eda914000 DEOPT PACKING pc=0x0000024eeb11b21c sp=0x00000099582fe140
Event: 28.728 Thread 0x0000024eda914000 DEOPT UNPACKING pc=0x0000024ee30aa1af sp=0x00000099582fe0d0 mode 2
Event: 28.731 Thread 0x0000024eda914000 DEOPT PACKING pc=0x0000024ee5a463b1 sp=0x00000099582fd2a0
Event: 28.731 Thread 0x0000024eda914000 DEOPT UNPACKING pc=0x0000024ee30aa95e sp=0x00000099582fc768 mode 0
Event: 28.748 Thread 0x0000024eda914000 DEOPT PACKING pc=0x0000024ee5a463b1 sp=0x00000099582fd2e0
Event: 28.748 Thread 0x0000024eda914000 DEOPT UNPACKING pc=0x0000024ee30aa95e sp=0x00000099582fc7a8 mode 0
Event: 28.768 Thread 0x0000024eda914000 DEOPT PACKING pc=0x0000024ee5a463b1 sp=0x00000099582fd600
Event: 28.768 Thread 0x0000024eda914000 DEOPT UNPACKING pc=0x0000024ee30aa95e sp=0x00000099582fcac8 mode 0
Event: 28.882 Thread 0x0000024eda914000 Uncommon trap: trap_request=0xffffff4d fr.pc=0x0000024eeb12046c relative=0x00000000000000ec
Event: 28.882 Thread 0x0000024eda914000 Uncommon trap: reason=unstable_if action=reinterpret pc=0x0000024eeb12046c method=org.jetbrains.kotlin.cfg.ControlFlowInformationProviderImpl$markAnnotationArguments$lambda-16$$inlined$forEachDescendantOfType$1.visitElement(Lorg/jetbrains/kotlin/com/intel
Event: 28.882 Thread 0x0000024eda914000 DEOPT PACKING pc=0x0000024eeb12046c sp=0x00000099582fe2a0
Event: 28.882 Thread 0x0000024eda914000 DEOPT UNPACKING pc=0x0000024ee30aa1af sp=0x00000099582fe1d8 mode 2

Classes redefined (0 events):
No events

Internal exceptions (20 events):
Event: 9.741 Thread 0x0000024eda914000 Exception <a 'java/lang/NoSuchMethodError'{0x00000000aa370770}: 'java.lang.Object java.lang.invoke.DirectMethodHandle$Holder.invokeStatic(java.lang.Object, int, java.lang.Object, java.lang.Object)'> (0x00000000aa370770) thrown at [./src/hotspot/share/interpreter/linkResolver.cpp, line 773]
Event: 9.742 Thread 0x0000024eda914000 Exception <a 'java/lang/NoSuchMethodError'{0x00000000aa377f38}: 'java.lang.Object java.lang.invoke.DirectMethodHandle$Holder.invokeStatic(java.lang.Object, int, java.lang.Object)'> (0x00000000aa377f38) thrown at [./src/hotspot/share/interpreter/linkResolver.cpp, line 773]
Event: 9.843 Thread 0x0000024eda914000 Exception <a 'java/lang/NoSuchMethodError'{0x00000000a9fd32e8}: 'java.lang.Object java.lang.invoke.Invokers$Holder.linkToTargetMethod(java.lang.Object, java.lang.Object, java.lang.Object, java.lang.Object, java.lang.Object, java.lang.Object)'> (0x00000000a9fd32e8) thrown at [./src/hotspot/share/interpreter/linkResolver.cpp, line 773]
Event: 9.910 Thread 0x0000024eda914000 Implicit null exception at 0x0000024eeac81d4c to 0x0000024eeac81e28
Event: 11.527 Thread 0x0000024eda914000 Implicit null exception at 0x0000024eeab8c5de to 0x0000024eeab8cd4a
Event: 11.732 Thread 0x0000024eda914000 Exception <a 'java/lang/NoSuchMethodError'{0x00000000a84371c0}: 'java.lang.Object java.lang.invoke.Invokers$Holder.linkToTargetMethod(java.lang.Object, java.lang.Object, java.lang.Object, java.lang.Object, java.lang.Object, java.lang.Object, java.lang.Object)'> (0x00000000a84371c0) thrown at [./src/hotspot/share/interpreter/linkResolver.cpp, line 773]
Event: 12.073 Thread 0x0000024eda914000 Exception <a 'java/lang/NoSuchMethodError'{0x00000000aa483f20}: 'java.lang.Object java.lang.invoke.Invokers$Holder.linkToTargetMethod(java.lang.Object, java.lang.Object, java.lang.Object, int, int, java.lang.Object)'> (0x00000000aa483f20) thrown at [./src/hotspot/share/interpreter/linkResolver.cpp, line 773]
Event: 12.076 Thread 0x0000024eda914000 Implicit null exception at 0x0000024eeae1610c to 0x0000024eeae1868c
Event: 12.584 Thread 0x0000024eda914000 Exception <a 'java/lang/NoSuchMethodError'{0x00000000a9c1d8e0}: 'int java.lang.invoke.DirectMethodHandle$Holder.invokeStaticInit(java.lang.Object, int)'> (0x00000000a9c1d8e0) thrown at [./src/hotspot/share/interpreter/linkResolver.cpp, line 773]
Event: 12.645 Thread 0x0000024eda914000 Exception <a 'java/lang/NoSuchMethodError'{0x00000000a9b0f778}: 'java.lang.Object java.lang.invoke.DirectMethodHandle$Holder.invokeInterface(java.lang.Object, java.lang.Object, java.lang.Object)'> (0x00000000a9b0f778) thrown at [./src/hotspot/share/interpreter/linkResolver.cpp, line 773]
Event: 12.645 Thread 0x0000024eda914000 Exception <a 'java/lang/IncompatibleClassChangeError'{0x00000000a9b129a8}: Found class java.lang.Object, but interface was expected> (0x00000000a9b129a8) thrown at [./src/hotspot/share/interpreter/linkResolver.cpp, line 839]
Event: 13.158 Thread 0x0000024eda914000 Implicit null exception at 0x0000024eeab894f5 to 0x0000024eeab896bc
Event: 13.177 Thread 0x0000024eda914000 Implicit null exception at 0x0000024eeae68c93 to 0x0000024eeae692a8
Event: 13.488 Thread 0x0000024eda914000 Implicit null exception at 0x0000024eeab4e2f7 to 0x0000024eeab4e87c
Event: 13.526 Thread 0x0000024eda914000 Implicit null exception at 0x0000024eeab4c374 to 0x0000024eeab4c8cc
Event: 14.272 Thread 0x0000024eda914000 Implicit null exception at 0x0000024eeaea9c88 to 0x0000024eeaeae524
Event: 14.938 Thread 0x0000024eda914000 Implicit null exception at 0x0000024eeade8d3c to 0x0000024eeadea6b0
Event: 15.273 Thread 0x0000024eda914000 Implicit null exception at 0x0000024eeadece7b to 0x0000024eeaded154
Event: 16.752 Thread 0x0000024eda914000 Implicit null exception at 0x0000024eeaf760ef to 0x0000024eeaf77008
Event: 26.766 Thread 0x0000024eda914000 Implicit null exception at 0x0000024eeb039630 to 0x0000024eeb039904

Events (20 events):
Event: 28.721 loading class org/jetbrains/kotlin/cfg/ControlFlowInformationProviderImpl$markAnnotationArguments$2 done
Event: 28.723 loading class org/jetbrains/kotlin/cfg/ControlFlowInformationProviderImpl$markAnnotationArguments$$inlined$forEachDescendantOfType$1
Event: 28.723 loading class org/jetbrains/kotlin/cfg/ControlFlowInformationProviderImpl$markAnnotationArguments$$inlined$forEachDescendantOfType$1 done
Event: 28.724 Executing VM operation: Deoptimize
Event: 28.727 Executing VM operation: Deoptimize done
Event: 28.874 loading class org/jetbrains/kotlin/cfg/variable/PseudocodeVariablesData$variableUseStatusData$2$WhenMappings
Event: 28.874 loading class org/jetbrains/kotlin/cfg/variable/PseudocodeVariablesData$variableUseStatusData$2$WhenMappings done
Event: 28.983 loading class org/jetbrains/kotlin/cfg/ControlFlowProcessor$CFPVisitor$visitInlinedFunction$1
Event: 28.983 loading class org/jetbrains/kotlin/cfg/ControlFlowProcessor$CFPVisitor$visitInlinedFunction$1 done
Event: 28.985 loading class org/jetbrains/kotlin/contracts/description/EventOccurrencesRangeKt
Event: 28.985 loading class org/jetbrains/kotlin/contracts/description/EventOccurrencesRangeKt done
Event: 28.989 loading class org/jetbrains/kotlin/cfg/ControlFlowBuilder$PredefinedOperation
Event: 28.989 loading class org/jetbrains/kotlin/cfg/ControlFlowBuilder$PredefinedOperation done
Event: 28.991 loading class org/jetbrains/kotlin/cfg/pseudocode/ControlFlowInstructionsGenerator$ControlFlowInstructionsGeneratorWorker$WhenMappings
Event: 28.991 loading class org/jetbrains/kotlin/cfg/pseudocode/ControlFlowInstructionsGenerator$ControlFlowInstructionsGeneratorWorker$WhenMappings done
Event: 29.094 loading class org/jetbrains/kotlin/cfg/LeakingThisDescriptor$PropertyIsNull
Event: 29.094 loading class org/jetbrains/kotlin/cfg/LeakingThisDescriptor$PropertyIsNull done
Event: 29.095 loading class org/jetbrains/kotlin/cfg/LeakingThisDescriptor
Event: 29.095 loading class org/jetbrains/kotlin/cfg/LeakingThisDescriptor done
Event: 29.216 Executing VM operation: G1CollectForAllocation


Dynamic libraries:
0x00007ff625820000 - 0x00007ff62582d000 	C:\Program Files\Microsoft\jdk-11.0.18.10-hotspot\bin\java.exe
0x00007ffb56050000 - 0x00007ffb56264000 	C:\WINDOWS\SYSTEM32\ntdll.dll
0x00007ffb540d0000 - 0x00007ffb54192000 	C:\WINDOWS\System32\KERNEL32.DLL
0x00007ffb537d0000 - 0x00007ffb53b73000 	C:\WINDOWS\System32\KERNELBASE.dll
0x00007ffb53630000 - 0x00007ffb53741000 	C:\WINDOWS\System32\ucrtbase.dll
0x00007ffb18230000 - 0x00007ffb18247000 	C:\Program Files\Microsoft\jdk-11.0.18.10-hotspot\bin\jli.dll
0x00007ffb19ed0000 - 0x00007ffb19ee5000 	C:\Program Files\Microsoft\jdk-11.0.18.10-hotspot\bin\VCRUNTIME140.dll
0x00007ffb53e70000 - 0x00007ffb5401b000 	C:\WINDOWS\System32\USER32.dll
0x00007ffb53470000 - 0x00007ffb53496000 	C:\WINDOWS\System32\win32u.dll
0x00007ffb54e70000 - 0x00007ffb54e99000 	C:\WINDOWS\System32\GDI32.dll
0x00007ffb47a20000 - 0x00007ffb47cae000 	C:\WINDOWS\WinSxS\amd64_microsoft.windows.common-controls_6595b64144ccf1df_6.0.22621.1635_none_270f70857386168e\COMCTL32.dll
0x00007ffb534a0000 - 0x00007ffb535b8000 	C:\WINDOWS\System32\gdi32full.dll
0x00007ffb54020000 - 0x00007ffb540c7000 	C:\WINDOWS\System32\msvcrt.dll
0x00007ffb53b80000 - 0x00007ffb53c1a000 	C:\WINDOWS\System32\msvcp_win.dll
0x00007ffb55730000 - 0x00007ffb55761000 	C:\WINDOWS\System32\IMM32.DLL
0x000000005a130000 - 0x000000005a13c000 	C:\Program Files (x86)\360\Total Security\safemon\SafeWrapper.dll
0x00007ffb54b20000 - 0x00007ffb54bce000 	C:\WINDOWS\System32\ADVAPI32.dll
0x00007ffb54f90000 - 0x00007ffb55034000 	C:\WINDOWS\System32\sechost.dll
0x00007ffb54cd0000 - 0x00007ffb54de7000 	C:\WINDOWS\System32\RPCRT4.dll
0x00007ffb05d00000 - 0x00007ffb05d92000 	C:\Program Files (x86)\360\Total Security\safemon\libzdtp64.dll
0x00007ffb55770000 - 0x00007ffb55f6a000 	C:\WINDOWS\System32\SHELL32.dll
0x00007ffb54530000 - 0x00007ffb5458e000 	C:\WINDOWS\System32\SHLWAPI.dll
0x00007ffb53030000 - 0x00007ffb5303a000 	C:\WINDOWS\SYSTEM32\VERSION.dll
0x00007ffb05c60000 - 0x00007ffb05cfb000 	C:\Program Files\Microsoft\jdk-11.0.18.10-hotspot\bin\msvcp140.dll
0x00007ffaa43c0000 - 0x00007ffaa4f52000 	C:\Program Files\Microsoft\jdk-11.0.18.10-hotspot\bin\server\jvm.dll
0x00007ffb55fa0000 - 0x00007ffb55fa8000 	C:\WINDOWS\System32\PSAPI.DLL
0x00007ffb4f160000 - 0x00007ffb4f194000 	C:\WINDOWS\SYSTEM32\WINMM.dll
0x00007ffb24a10000 - 0x00007ffb24a19000 	C:\WINDOWS\SYSTEM32\WSOCK32.dll
0x00007ffb54aa0000 - 0x00007ffb54b11000 	C:\WINDOWS\System32\WS2_32.dll
0x00007ffb52450000 - 0x00007ffb52468000 	C:\WINDOWS\SYSTEM32\kernel.appcore.dll
0x00007ffb1bde0000 - 0x00007ffb1bdf0000 	C:\Program Files\Microsoft\jdk-11.0.18.10-hotspot\bin\verify.dll
0x00007ffb50ed0000 - 0x00007ffb510fe000 	C:\WINDOWS\SYSTEM32\DBGHELP.DLL
0x00007ffb54700000 - 0x00007ffb54a89000 	C:\WINDOWS\System32\combase.dll
0x00007ffb542a0000 - 0x00007ffb54377000 	C:\WINDOWS\System32\OLEAUT32.dll
0x00007ffb4c290000 - 0x00007ffb4c2c2000 	C:\WINDOWS\SYSTEM32\dbgcore.DLL
0x00007ffb53750000 - 0x00007ffb537cb000 	C:\WINDOWS\System32\bcryptPrimitives.dll
0x00007ffb10850000 - 0x00007ffb10878000 	C:\Program Files\Microsoft\jdk-11.0.18.10-hotspot\bin\java.dll
0x00007ffb1bc40000 - 0x00007ffb1bc4a000 	C:\Program Files\Microsoft\jdk-11.0.18.10-hotspot\bin\jimage.dll
0x00007ffb17730000 - 0x00007ffb17748000 	C:\Program Files\Microsoft\jdk-11.0.18.10-hotspot\bin\zip.dll
0x00007ffb51400000 - 0x00007ffb51cce000 	C:\WINDOWS\SYSTEM32\windows.storage.dll
0x00007ffb512c0000 - 0x00007ffb513fe000 	C:\WINDOWS\SYSTEM32\wintypes.dll
0x00007ffb54bd0000 - 0x00007ffb54cc1000 	C:\WINDOWS\System32\SHCORE.dll
0x00007ffb533a0000 - 0x00007ffb533c1000 	C:\WINDOWS\SYSTEM32\profapi.dll
0x00007ffb14070000 - 0x00007ffb14089000 	C:\Program Files\Microsoft\jdk-11.0.18.10-hotspot\bin\net.dll
0x00007ffb4d530000 - 0x00007ffb4d667000 	C:\WINDOWS\SYSTEM32\WINHTTP.dll
0x00007ffb528c0000 - 0x00007ffb52929000 	C:\WINDOWS\system32\mswsock.dll
0x00007ffb13f00000 - 0x00007ffb13f13000 	C:\Program Files\Microsoft\jdk-11.0.18.10-hotspot\bin\nio.dll

dbghelp: loaded successfully - version: 4.0.5 - missing functions: none
symbol engine: initialized successfully - sym options: 0x614 - pdb path: .;C:\Program Files\Microsoft\jdk-11.0.18.10-hotspot\bin;C:\WINDOWS\SYSTEM32;C:\WINDOWS\WinSxS\amd64_microsoft.windows.common-controls_6595b64144ccf1df_6.0.22621.1635_none_270f70857386168e;C:\Program Files (x86)\360\Total Security\safemon;C:\Program Files\Microsoft\jdk-11.0.18.10-hotspot\bin\server

VM Arguments:
java_command: org.jetbrains.kotlin.cli.jvm.K2JVMCompiler @C:\Users\calde\OneDrive\Escritorio\Proyecto BD\BDReact\node_modules\react-native-screens\android\build\20230522_9515793152660864750.compiler.options
java_class_path (initial): C:\Users\calde\.gradle\caches\modules-2\files-2.1\org.jetbrains.kotlin\kotlin-compiler-embeddable\1.6.21\97bdd5a752ce73b58ef16c17bc7f0ea2faff7a2e\kotlin-compiler-embeddable-1.6.21.jar;C:\Users\calde\.gradle\caches\modules-2\files-2.1\org.jetbrains.kotlin\kotlin-reflect\1.6.21\5dc3574d9b7bebfcb4ec6b10ada4aaa9e140bd0b\kotlin-reflect-1.6.21.jar;C:\Users\calde\.gradle\caches\modules-2\files-2.1\org.jetbrains.kotlin\kotlin-stdlib\1.6.21\11ef67f1900634fd951bad28c53ec957fabbe5b8\kotlin-stdlib-1.6.21.jar;C:\Users\calde\.gradle\caches\modules-2\files-2.1\org.jetbrains.kotlin\kotlin-script-runtime\1.6.21\99c6675100da5d6d5b1c5a1032f27f28008d101b\kotlin-script-runtime-1.6.21.jar;C:\Users\calde\.gradle\caches\modules-2\files-2.1\org.jetbrains.kotlin\kotlin-daemon-embeddable\1.6.21\46b78cf392e1c4f10854c3cadba44abb7b82250f\kotlin-daemon-embeddable-1.6.21.jar;C:\Users\calde\.gradle\caches\modules-2\files-2.1\org.jetbrains.intellij.deps\trove4j\1.0.20200330\3afb14d5f9ceb459d724e907a21145e8ff394f02\trove4j-1.0.20200330.jar;C:\Users\calde\.gradle\caches\modules-2\files-2.1\net.java.dev.jna\jna\5.6.0\330f2244e9030119ab3030fc3fededc86713d9cc\jna-5.6.0.jar;C:\Users\calde\.gradle\caches\modules-2\files-2.1\org.jetbrains.kotlin\kotlin-stdlib-common\1.6.21\5e5b55c26dbc80372a920aef60eb774b714559b8\kotlin-stdlib-common-1.6.21.jar;C:\Users\calde\.gradle\caches\modules-2\files-2.1\org.jetbrains\annotations\13.0\919f0dfe192fb4e063e7dacadee7f8bb9a2672a9\annotations-13.0.jar
Launcher Type: SUN_STANDARD

[Global flags]
     intx CICompilerCount                          = 4                                         {product} {ergonomic}
     uint ConcGCThreads                            = 3                                         {product} {ergonomic}
     uint G1ConcRefinementThreads                  = 10                                        {product} {ergonomic}
   size_t G1HeapRegionSize                         = 1048576                                   {product} {ergonomic}
    uintx GCDrainStackTargetSize                   = 64                                        {product} {ergonomic}
   size_t InitialHeapSize                          = 98566144                                  {product} {ergonomic}
   size_t MarkStackSize                            = 4194304                                   {product} {ergonomic}
   size_t MaxHeapSize                              = 1574961152                                {product} {ergonomic}
   size_t MaxNewSize                               = 944766976                                 {product} {ergonomic}
   size_t MinHeapDeltaBytes                        = 1048576                                   {product} {ergonomic}
    uintx NonNMethodCodeHeapSize                   = 5836300                                {pd product} {ergonomic}
    uintx NonProfiledCodeHeapSize                  = 122910970                              {pd product} {ergonomic}
    uintx ProfiledCodeHeapSize                     = 122910970                              {pd product} {ergonomic}
    uintx ReservedCodeCacheSize                    = 251658240                              {pd product} {ergonomic}
     bool SegmentedCodeCache                       = true                                      {product} {ergonomic}
     bool UseCompressedClassPointers               = true                                 {lp64_product} {ergonomic}
     bool UseCompressedOops                        = true                                 {lp64_product} {ergonomic}
     bool UseG1GC                                  = true                                      {product} {ergonomic}
     bool UseLargePagesIndividualAllocation        = false                                  {pd product} {ergonomic}

Logging:
Log output configuration:
 #0: stdout all=warning uptime,level,tags
 #1: stderr all=off uptime,level,tags

Environment Variables:
JAVA_HOME=C:\Program Files\Microsoft\jdk-11.0.18.10-hotspot\
PATH=C:\Users\calde\bin;C:\Program Files\Git\mingw64\bin;C:\Program Files\Git\usr\local\bin;C:\Program Files\Git\usr\bin;C:\Program Files\Git\usr\bin;C:\Program Files\Git\mingw64\bin;C:\Program Files\Git\usr\bin;C:\Users\calde\bin;C:\Program Files\Microsoft\jdk-11.0.18.10-hotspot\bin;C:\Program Files\Common Files\Oracle\Java\javapath;C:\Python310\Scripts;C:\Python310;C:\ProgramData\Oracle\Java\javapath;C:\WINDOWS\system32;C:\WINDOWS;C:\WINDOWS\System32\Wbem;C:\WINDOWS\System32\WindowsPowerShell\v1.0;C:\WINDOWS\System32\OpenSSH;C:\ProgramData\chocolatey\bin;C:\Program Files\Microsoft SQL Server\Client SDK\ODBC\170\Tools\Binn;C:\Program Files (x86)\Microsoft SQL Server\150\Tools\Binn;C:\Program Files\Microsoft SQL Server\150\Tools\Binn;C:\Program Files\Microsoft SQL Server\150\DTS\Binn;C:\Program Files (x86)\Microsoft SQL Server\150\DTS\Binn;C:\Program Files\Azure Data Studio\bin;C:\Program Files\Git\cmd;C:\Program Files\nodejs;C:\Program Files\dotnet;C:\Program Files (x86)\Microsoft SQL Server\160\DTS\Binn;C:\Users\calde\AppData\Local\Microsoft\WindowsApps;C:\Users\calde\AppData\Local\Programs\Microsoft VS Code\bin;C:\Program Files\Azure Data Studio\bin;C:\Users\calde\AppData\Roaming\npm;C:\Users\calde\AppData\Local\Android\Sdk;C:\Users\calde\AppData\Local\Android\Sdk\platform-tools;C:\Users\calde\.dotnet\tools;C:\Users\calde\AppData\Local\GitHubDesktop\bin;C:\Users\calde\AppData\Local\Programs\Azure Dev CLI;C:\Program Files\Git\usr\bin\vendor_perl;C:\Program Files\Git\usr\bin\core_perl
USERNAME=calde
SHELL=C:\Program Files\Git\usr\bin\bash.exe
DISPLAY=needs-to-be-defined
LANG=en_US.UTF-8
TERM=xterm-256color
TMPDIR=C:\Users\calde\AppData\Local\Temp
OS=Windows_NT
PROCESSOR_IDENTIFIER=AMD64 Family 23 Model 104 Stepping 1, AuthenticAMD
TMP=C:\Users\calde\AppData\Local\Temp
TEMP=C:\Users\calde\AppData\Local\Temp



---------------  S Y S T E M  ---------------

OS: Windows 11 , 64 bit Build 22621 (10.0.22621.1635)
OS uptime: 4 days 13:24 hours

CPU:total 12 (initial active 12) (12 cores per cpu, 2 threads per core) family 23 model 104 stepping 1 microcode 0x0, cmov, cx8, fxsr, mmx, sse, sse2, sse3, ssse3, sse4.1, sse4.2, popcnt, avx, avx2, aes, clmul, mmxext, 3dnowpref, lzcnt, sse4a, ht, tsc, tscinvbit, tscinv, bmi1, bmi2, adx, sha, fma

Memory: 4k page, system-wide physical 6005M (125M free)
TotalPageFile size 24437M (AvailPageFile size 159M)
current process WorkingSet (physical memory assigned to process): 147M, peak: 293M
current process commit charge ("private bytes"): 454M, peak: 717M

vm_info: OpenJDK 64-Bit Server VM (11.0.18+10-LTS) for windows-amd64 JRE (11.0.18+10-LTS), built on Jan 18 2023 15:56:47 by "MicrosoftCorporation" with MS VC++ 15.9 (VS2017)

END.
